<?xml version="1.0" encoding="UTF-8"?>
<testsuite name="com.poker.model.CardTest" tests="1" skipped="0" failures="0" errors="0"
  timestamp="2019-06-05T17:24:25" hostname="ip-10-100-254-13.eu-west-1.compute.internal" time="0.0">
  <properties/>
  <testcase name="testEquals" classname="com.poker.model.CardTest" time="0.0"/>
  <system-out><![CDATA[]]></system-out>
  <system-err><![CDATA[]]></system-err>
</testsuite>
